-------------------------------------------------------------------------------
Test set: mantenimiento.gestorTareas.GestorTareasApplicationTests
-------------------------------------------------------------------------------
Tests run: 1, Failures: 0, Errors: 1, Skipped: 0, Time elapsed: 17.792 s <<< FAILURE! - in mantenimiento.gestorTareas.GestorTareasApplicationTests
contextLoads  Time elapsed: 0.002 s  <<< ERROR!
java.lang.IllegalStateException: Failed to load ApplicationContext
Caused by: org.springframework.beans.factory.UnsatisfiedDependencyException: Error creating bean with name 'controlador': Unsatisfied dependency expressed through field 'tareaService'; nested exception is org.springframework.beans.factory.BeanCreationException: Error creating bean with name 'tareaService' defined in mantenimiento.gestorTareas.servicio.TareaService defined in @EnableJpaRepositories declared on JpaRepositoriesRegistrar.EnableJpaRepositoriesConfiguration: Invocation of init method failed; nested exception is org.springframework.data.repository.query.QueryCreationException: Could not create query for public abstract java.util.List mantenimiento.gestorTareas.servicio.TareaService.traerPorLineaEnRangoDeFecha(java.lang.String,java.time.LocalDateTime,java.time.LocalDateTime)! Reason: Validation failed for query for method public abstract java.util.List mantenimiento.gestorTareas.servicio.TareaService.traerPorLineaEnRangoDeFecha(java.lang.String,java.time.LocalDateTime,java.time.LocalDateTime)!; nested exception is java.lang.IllegalArgumentException: Validation failed for query for method public abstract java.util.List mantenimiento.gestorTareas.servicio.TareaService.traerPorLineaEnRangoDeFecha(java.lang.String,java.time.LocalDateTime,java.time.LocalDateTime)!
Caused by: org.springframework.beans.factory.BeanCreationException: Error creating bean with name 'tareaService' defined in mantenimiento.gestorTareas.servicio.TareaService defined in @EnableJpaRepositories declared on JpaRepositoriesRegistrar.EnableJpaRepositoriesConfiguration: Invocation of init method failed; nested exception is org.springframework.data.repository.query.QueryCreationException: Could not create query for public abstract java.util.List mantenimiento.gestorTareas.servicio.TareaService.traerPorLineaEnRangoDeFecha(java.lang.String,java.time.LocalDateTime,java.time.LocalDateTime)! Reason: Validation failed for query for method public abstract java.util.List mantenimiento.gestorTareas.servicio.TareaService.traerPorLineaEnRangoDeFecha(java.lang.String,java.time.LocalDateTime,java.time.LocalDateTime)!; nested exception is java.lang.IllegalArgumentException: Validation failed for query for method public abstract java.util.List mantenimiento.gestorTareas.servicio.TareaService.traerPorLineaEnRangoDeFecha(java.lang.String,java.time.LocalDateTime,java.time.LocalDateTime)!
Caused by: org.springframework.data.repository.query.QueryCreationException: Could not create query for public abstract java.util.List mantenimiento.gestorTareas.servicio.TareaService.traerPorLineaEnRangoDeFecha(java.lang.String,java.time.LocalDateTime,java.time.LocalDateTime)! Reason: Validation failed for query for method public abstract java.util.List mantenimiento.gestorTareas.servicio.TareaService.traerPorLineaEnRangoDeFecha(java.lang.String,java.time.LocalDateTime,java.time.LocalDateTime)!; nested exception is java.lang.IllegalArgumentException: Validation failed for query for method public abstract java.util.List mantenimiento.gestorTareas.servicio.TareaService.traerPorLineaEnRangoDeFecha(java.lang.String,java.time.LocalDateTime,java.time.LocalDateTime)!
Caused by: java.lang.IllegalArgumentException: Validation failed for query for method public abstract java.util.List mantenimiento.gestorTareas.servicio.TareaService.traerPorLineaEnRangoDeFecha(java.lang.String,java.time.LocalDateTime,java.time.LocalDateTime)!
Caused by: java.lang.IllegalArgumentException: org.hibernate.hql.internal.ast.QuerySyntaxException: unexpected token: ANDt near line 1, column 107 [SELECT t FROM mantenimiento.gestorTareas.dominio.Tarea t  WHERE t.activo.nombre LIKE CONCAT('%', ?1, '%') ANDt.activo.momentoDetencion >= ?2 and t.activo.momentoDetencion <= ?3]
Caused by: org.hibernate.hql.internal.ast.QuerySyntaxException: unexpected token: ANDt near line 1, column 107 [SELECT t FROM mantenimiento.gestorTareas.dominio.Tarea t  WHERE t.activo.nombre LIKE CONCAT('%', ?1, '%') ANDt.activo.momentoDetencion >= ?2 and t.activo.momentoDetencion <= ?3]

