-------------------------------------------------------------------------------
Test set: mantenimiento.gestorTareas.GestorTareasApplicationTests
-------------------------------------------------------------------------------
Tests run: 1, Failures: 0, Errors: 1, Skipped: 0, Time elapsed: 35.947 s <<< FAILURE! - in mantenimiento.gestorTareas.GestorTareasApplicationTests
contextLoads  Time elapsed: 0.001 s  <<< ERROR!
java.lang.IllegalStateException: Failed to load ApplicationContext
Caused by: org.springframework.beans.factory.UnsatisfiedDependencyException: Error creating bean with name 'controlador': Unsatisfied dependency expressed through field 'tecnicoService'; nested exception is org.springframework.beans.factory.BeanCreationException: Error creating bean with name 'tecnicoService' defined in mantenimiento.gestorTareas.servicio.TecnicoService defined in @EnableJpaRepositories declared on JpaRepositoriesRegistrar.EnableJpaRepositoriesConfiguration: Invocation of init method failed; nested exception is org.springframework.data.repository.query.QueryCreationException: Could not create query for public abstract void mantenimiento.gestorTareas.servicio.TecnicoService.incrementarPreventivo(mantenimiento.gestorTareas.dominio.Tecnico)! Reason: Validation failed for query for method public abstract void mantenimiento.gestorTareas.servicio.TecnicoService.incrementarPreventivo(mantenimiento.gestorTareas.dominio.Tecnico)!; nested exception is java.lang.IllegalArgumentException: Validation failed for query for method public abstract void mantenimiento.gestorTareas.servicio.TecnicoService.incrementarPreventivo(mantenimiento.gestorTareas.dominio.Tecnico)!
Caused by: org.springframework.beans.factory.BeanCreationException: Error creating bean with name 'tecnicoService' defined in mantenimiento.gestorTareas.servicio.TecnicoService defined in @EnableJpaRepositories declared on JpaRepositoriesRegistrar.EnableJpaRepositoriesConfiguration: Invocation of init method failed; nested exception is org.springframework.data.repository.query.QueryCreationException: Could not create query for public abstract void mantenimiento.gestorTareas.servicio.TecnicoService.incrementarPreventivo(mantenimiento.gestorTareas.dominio.Tecnico)! Reason: Validation failed for query for method public abstract void mantenimiento.gestorTareas.servicio.TecnicoService.incrementarPreventivo(mantenimiento.gestorTareas.dominio.Tecnico)!; nested exception is java.lang.IllegalArgumentException: Validation failed for query for method public abstract void mantenimiento.gestorTareas.servicio.TecnicoService.incrementarPreventivo(mantenimiento.gestorTareas.dominio.Tecnico)!
Caused by: org.springframework.data.repository.query.QueryCreationException: Could not create query for public abstract void mantenimiento.gestorTareas.servicio.TecnicoService.incrementarPreventivo(mantenimiento.gestorTareas.dominio.Tecnico)! Reason: Validation failed for query for method public abstract void mantenimiento.gestorTareas.servicio.TecnicoService.incrementarPreventivo(mantenimiento.gestorTareas.dominio.Tecnico)!; nested exception is java.lang.IllegalArgumentException: Validation failed for query for method public abstract void mantenimiento.gestorTareas.servicio.TecnicoService.incrementarPreventivo(mantenimiento.gestorTareas.dominio.Tecnico)!
Caused by: java.lang.IllegalArgumentException: Validation failed for query for method public abstract void mantenimiento.gestorTareas.servicio.TecnicoService.incrementarPreventivo(mantenimiento.gestorTareas.dominio.Tecnico)!
Caused by: java.lang.IllegalArgumentException: org.hibernate.hql.internal.ast.QuerySyntaxException: unexpected token: IF near line 1, column 47 [UPDATE tecnico SET cantidadPreventivos = CAST(IF NULL(cantidadPreventivos, '0')  AS UNSIGNED) + 1WHERE id = ?1 ]
Caused by: org.hibernate.hql.internal.ast.QuerySyntaxException: unexpected token: IF near line 1, column 47 [UPDATE tecnico SET cantidadPreventivos = CAST(IF NULL(cantidadPreventivos, '0')  AS UNSIGNED) + 1WHERE id = ?1 ]

